FECHA Y HORA DEL COMIENZO:  05-12-2023 | HORA: 19:14:51 | 	RESPUESTA SERVIDOR: Startup from localhost port 53962 at Tue Dec  5 19:14:51 2023

HORA: 19:14:51 | 	RESPUESTA SERVIDOR: 220 Servicio Preparado
HORA: 19:14:57 | 	RESPUESTA SERVIDOR: 250 Adivina el valor entre 0 y 100#5
HORA: 19:15:10 | 	RESPUESTA SERVIDOR: 500 Error de sintaxis
HORA: 19:15:38 | 	RESPUESTA SERVIDOR: 354 MENOR#4
HORA: 19:15:45 | 	RESPUESTA SERVIDOR: 354 MENOR#3
HORA: 19:15:54 | 	RESPUESTA SERVIDOR: 354 MENOR#2
HORA: 19:15:58 | 	RESPUESTA SERVIDOR: 500 Error de sintaxis
HORA: 19:16:16 | 	RESPUESTA SERVIDOR: 500 Error de sintaxis
HORA: 19:16:25 | 	RESPUESTA SERVIDOR: 354 MENOR#1
HORA: 19:16:33 | 	RESPUESTA SERVIDOR: 375 FALLO
HORA: 19:16:38 | 	RESPUESTA SERVIDOR: 221 Cerrando el Servicio
FECHA Y HORA DEL COMIENZO:  05-12-2023 | HORA: 19:21:48 | 	RESPUESTA SERVIDOR: Startup from localhost port 33474 at Tue Dec  5 19:21:48 2023

HORA: 19:21:48 | 	RESPUESTA SERVIDOR: 220 Servicio Preparado
HORA: 19:21:53 | 	RESPUESTA SERVIDOR: 250 Adivina el valor entre 0 y 100#4
HORA: 19:22:11 | 	RESPUESTA SERVIDOR: 500 Error de sintaxis
HORA: 19:22:29 | 	RESPUESTA SERVIDOR: 354 MENOR#3
HORA: 19:22:37 | 	RESPUESTA SERVIDOR: 354 MENOR#2
HORA: 19:22:49 | 	RESPUESTA SERVIDOR: 354 MENOR#1
HORA: 19:22:57 | 	RESPUESTA SERVIDOR: 500 Error de sintaxis
HORA: 19:23:15 | 	RESPUESTA SERVIDOR: 375 FALLO
HORA: 19:23:27 | 	RESPUESTA SERVIDOR: 500 Error de sintaxis
FECHA Y HORA DEL COMIENZO:  05-12-2023 | HORA: 19:23:58 | 	RESPUESTA SERVIDOR: Startup from localhost port 44712 at Tue Dec  5 19:23:58 2023

HORA: 19:23:58 | 	RESPUESTA SERVIDOR: 220 Servicio Preparado
HORA: 19:24:02 | 	RESPUESTA SERVIDOR: 250 Adivina el valor entre 0 y 100#4
HORA: 19:24:11 | 	RESPUESTA SERVIDOR: 500 Error de sintaxis
HORA: 19:24:18 | 	RESPUESTA SERVIDOR: 354 MENOR#3
HORA: 19:24:29 | 	RESPUESTA SERVIDOR: 354 MENOR#2
HORA: 19:24:43 | 	RESPUESTA SERVIDOR: 354 MENOR#1
HORA: 19:24:47 | 	RESPUESTA SERVIDOR: 500 Error de sintaxis
HORA: 19:25:02 | 	RESPUESTA SERVIDOR: 500 Error de sintaxis
HORA: 19:25:15 | 	RESPUESTA SERVIDOR: 375 FALLO
HORA: 19:25:27 | 	RESPUESTA SERVIDOR: 500 Error de sintaxis
HORA: 19:25:31 | 	RESPUESTA SERVIDOR: 221 Cerrando el Servicio
